13:55:39.706 [SpringApplicationShutdownHook] INFO  c.z.h.HikariDataSource - [close,350] - HikariPool-1 - Shutdown initiated...
13:55:39.740 [SpringApplicationShutdownHook] INFO  c.z.h.HikariDataSource - [close,352] - HikariPool-1 - Shutdown completed.
14:00:14.547 [main] INFO  c.f.f.FilesManApplication - [logStarting,55] - Starting FilesManApplication using Java 1.8.0_333 on 192.168.1.11 with PID 88939 (/Users/zhaoxiangyuan/Downloads/files-man/target/classes started by zhaoxiangyuan in /Users/zhaoxiangyuan/Downloads/files-man)
14:00:14.549 [main] INFO  c.f.f.FilesManApplication - [logStartupProfileInfo,634] - No active profile set, falling back to 1 default profile: "default"
14:00:16.167 [main] INFO  o.a.c.h.Http11NioProtocol - [log,173] - Initializing ProtocolHandler ["http-nio-8081"]
14:00:16.168 [main] INFO  o.a.c.c.StandardService - [log,173] - Starting service [Tomcat]
14:00:16.169 [main] INFO  o.a.c.c.StandardEngine - [log,173] - Starting Servlet engine: [Apache Tomcat/9.0.65]
14:00:16.314 [main] INFO  o.a.c.c.C.[.[.[/] - [log,173] - Initializing Spring embedded WebApplicationContext
14:00:17.295 [main] INFO  o.a.c.h.Http11NioProtocol - [log,173] - Starting ProtocolHandler ["http-nio-8081"]
14:00:17.327 [main] INFO  c.f.f.FilesManApplication - [logStarted,61] - Started FilesManApplication in 3.347 seconds (JVM running for 5.051)
14:01:41.457 [main] INFO  c.f.f.FilesManApplication - [logStarting,55] - Starting FilesManApplication using Java 1.8.0_333 on 192.168.1.11 with PID 88993 (/Users/zhaoxiangyuan/Downloads/files-man/target/classes started by zhaoxiangyuan in /Users/zhaoxiangyuan/Downloads/files-man)
14:01:41.461 [main] INFO  c.f.f.FilesManApplication - [logStartupProfileInfo,634] - No active profile set, falling back to 1 default profile: "default"
14:01:42.806 [main] INFO  o.a.c.h.Http11NioProtocol - [log,173] - Initializing ProtocolHandler ["http-nio-8081"]
14:01:42.808 [main] INFO  o.a.c.c.StandardService - [log,173] - Starting service [Tomcat]
14:01:42.808 [main] INFO  o.a.c.c.StandardEngine - [log,173] - Starting Servlet engine: [Apache Tomcat/9.0.65]
14:01:42.937 [main] INFO  o.a.c.c.C.[.[.[/] - [log,173] - Initializing Spring embedded WebApplicationContext
14:01:43.774 [main] INFO  o.a.c.h.Http11NioProtocol - [log,173] - Starting ProtocolHandler ["http-nio-8081"]
14:01:43.803 [main] INFO  c.f.f.FilesManApplication - [logStarted,61] - Started FilesManApplication in 2.838 seconds (JVM running for 3.861)
14:03:54.954 [main] INFO  c.f.f.FilesManApplication - [logStarting,55] - Starting FilesManApplication using Java 1.8.0_333 on 192.168.1.11 with PID 89034 (/Users/zhaoxiangyuan/Downloads/files-man/target/classes started by zhaoxiangyuan in /Users/zhaoxiangyuan/Downloads/files-man)
14:03:54.957 [main] INFO  c.f.f.FilesManApplication - [logStartupProfileInfo,634] - No active profile set, falling back to 1 default profile: "default"
14:03:56.366 [main] INFO  o.a.c.h.Http11NioProtocol - [log,173] - Initializing ProtocolHandler ["http-nio-8081"]
14:03:56.367 [main] INFO  o.a.c.c.StandardService - [log,173] - Starting service [Tomcat]
14:03:56.368 [main] INFO  o.a.c.c.StandardEngine - [log,173] - Starting Servlet engine: [Apache Tomcat/9.0.65]
14:03:56.499 [main] INFO  o.a.c.c.C.[.[.[/] - [log,173] - Initializing Spring embedded WebApplicationContext
14:03:57.360 [main] INFO  o.a.c.h.Http11NioProtocol - [log,173] - Starting ProtocolHandler ["http-nio-8081"]
14:03:57.394 [main] INFO  c.f.f.FilesManApplication - [logStarted,61] - Started FilesManApplication in 2.904 seconds (JVM running for 3.746)
14:04:02.484 [http-nio-8081-exec-1] INFO  o.a.c.c.C.[.[.[/] - [log,173] - Initializing Spring DispatcherServlet 'dispatcherServlet'
14:05:19.374 [http-nio-8081-exec-6] INFO  c.z.h.HikariDataSource - [getConnection,110] - HikariPool-1 - Starting...
14:05:19.522 [http-nio-8081-exec-6] INFO  c.z.h.HikariDataSource - [getConnection,123] - HikariPool-1 - Start completed.
14:31:16.012 [SpringApplicationShutdownHook] INFO  c.z.h.HikariDataSource - [close,350] - HikariPool-1 - Shutdown initiated...
14:31:16.026 [SpringApplicationShutdownHook] INFO  c.z.h.HikariDataSource - [close,352] - HikariPool-1 - Shutdown completed.
14:31:22.409 [main] INFO  c.f.f.FilesManApplication - [logStarting,55] - Starting FilesManApplication using Java 1.8.0_333 on 192.168.1.11 with PID 89402 (/Users/zhaoxiangyuan/Downloads/files-man/target/classes started by zhaoxiangyuan in /Users/zhaoxiangyuan/Downloads/files-man)
14:31:22.414 [main] INFO  c.f.f.FilesManApplication - [logStartupProfileInfo,634] - No active profile set, falling back to 1 default profile: "default"
14:31:23.749 [main] INFO  o.a.c.h.Http11NioProtocol - [log,173] - Initializing ProtocolHandler ["http-nio-8081"]
14:31:23.750 [main] INFO  o.a.c.c.StandardService - [log,173] - Starting service [Tomcat]
14:31:23.751 [main] INFO  o.a.c.c.StandardEngine - [log,173] - Starting Servlet engine: [Apache Tomcat/9.0.65]
14:31:23.872 [main] INFO  o.a.c.c.C.[.[.[/] - [log,173] - Initializing Spring embedded WebApplicationContext
14:31:24.716 [main] INFO  o.a.c.h.Http11NioProtocol - [log,173] - Starting ProtocolHandler ["http-nio-8081"]
14:31:24.748 [main] INFO  c.f.f.FilesManApplication - [logStarted,61] - Started FilesManApplication in 2.784 seconds (JVM running for 3.636)
14:32:30.293 [http-nio-8081-exec-1] INFO  o.a.c.c.C.[.[.[/] - [log,173] - Initializing Spring DispatcherServlet 'dispatcherServlet'
15:05:03.777 [main] INFO  c.f.f.FilesManApplication - [logStarting,55] - Starting FilesManApplication using Java 1.8.0_333 on 192.168.1.11 with PID 89839 (/Users/zhaoxiangyuan/Downloads/files-man/target/classes started by zhaoxiangyuan in /Users/zhaoxiangyuan/Downloads/files-man)
15:05:03.783 [main] INFO  c.f.f.FilesManApplication - [logStartupProfileInfo,634] - No active profile set, falling back to 1 default profile: "default"
15:05:05.117 [main] INFO  o.a.c.h.Http11NioProtocol - [log,173] - Initializing ProtocolHandler ["http-nio-8081"]
15:05:05.119 [main] INFO  o.a.c.c.StandardService - [log,173] - Starting service [Tomcat]
15:05:05.119 [main] INFO  o.a.c.c.StandardEngine - [log,173] - Starting Servlet engine: [Apache Tomcat/9.0.65]
15:05:05.255 [main] INFO  o.a.c.c.C.[.[.[/] - [log,173] - Initializing Spring embedded WebApplicationContext
15:05:06.104 [main] INFO  o.a.c.h.Http11NioProtocol - [log,173] - Starting ProtocolHandler ["http-nio-8081"]
15:05:06.135 [main] INFO  c.f.f.FilesManApplication - [logStarted,61] - Started FilesManApplication in 2.889 seconds (JVM running for 3.952)
15:05:54.384 [http-nio-8081-exec-1] INFO  o.a.c.c.C.[.[.[/] - [log,173] - Initializing Spring DispatcherServlet 'dispatcherServlet'
15:05:54.536 [http-nio-8081-exec-1] INFO  c.z.h.HikariDataSource - [getConnection,110] - HikariPool-1 - Starting...
15:05:54.654 [http-nio-8081-exec-1] INFO  c.z.h.HikariDataSource - [getConnection,123] - HikariPool-1 - Start completed.
15:06:45.391 [http-nio-8081-exec-5] INFO  c.f.f.FilesController - [lambda$saveFiles$0,77] - md5=====>:dede93cf02f5d8ae33dc3301803bd33c
15:07:59.128 [SpringApplicationShutdownHook] INFO  c.z.h.HikariDataSource - [close,350] - HikariPool-1 - Shutdown initiated...
15:07:59.141 [SpringApplicationShutdownHook] INFO  c.z.h.HikariDataSource - [close,352] - HikariPool-1 - Shutdown completed.
15:08:05.266 [main] INFO  c.f.f.FilesManApplication - [logStarting,55] - Starting FilesManApplication using Java 1.8.0_333 on 192.168.1.11 with PID 89896 (/Users/zhaoxiangyuan/Downloads/files-man/target/classes started by zhaoxiangyuan in /Users/zhaoxiangyuan/Downloads/files-man)
15:08:05.271 [main] INFO  c.f.f.FilesManApplication - [logStartupProfileInfo,634] - No active profile set, falling back to 1 default profile: "default"
15:08:06.690 [main] INFO  o.a.c.h.Http11NioProtocol - [log,173] - Initializing ProtocolHandler ["http-nio-8081"]
15:08:06.691 [main] INFO  o.a.c.c.StandardService - [log,173] - Starting service [Tomcat]
15:08:06.692 [main] INFO  o.a.c.c.StandardEngine - [log,173] - Starting Servlet engine: [Apache Tomcat/9.0.65]
15:08:06.817 [main] INFO  o.a.c.c.C.[.[.[/] - [log,173] - Initializing Spring embedded WebApplicationContext
15:08:07.637 [main] INFO  o.a.c.h.Http11NioProtocol - [log,173] - Starting ProtocolHandler ["http-nio-8081"]
15:08:07.665 [main] INFO  c.f.f.FilesManApplication - [logStarted,61] - Started FilesManApplication in 2.885 seconds (JVM running for 3.738)
15:08:20.492 [http-nio-8081-exec-1] INFO  o.a.c.c.C.[.[.[/] - [log,173] - Initializing Spring DispatcherServlet 'dispatcherServlet'
15:08:20.653 [http-nio-8081-exec-1] INFO  c.z.h.HikariDataSource - [getConnection,110] - HikariPool-1 - Starting...
15:08:20.785 [http-nio-8081-exec-1] INFO  c.z.h.HikariDataSource - [getConnection,123] - HikariPool-1 - Start completed.
15:08:25.536 [http-nio-8081-exec-2] INFO  c.f.f.FilesController - [lambda$saveFiles$0,77] - md5=====>:f36eb45e4c4f27dc89192384c535a6db
15:09:06.559 [SpringApplicationShutdownHook] INFO  c.z.h.HikariDataSource - [close,350] - HikariPool-1 - Shutdown initiated...
15:09:06.570 [SpringApplicationShutdownHook] INFO  c.z.h.HikariDataSource - [close,352] - HikariPool-1 - Shutdown completed.
15:09:13.367 [main] INFO  c.f.f.FilesManApplication - [logStarting,55] - Starting FilesManApplication using Java 1.8.0_333 on 192.168.1.11 with PID 89925 (/Users/zhaoxiangyuan/Downloads/files-man/target/classes started by zhaoxiangyuan in /Users/zhaoxiangyuan/Downloads/files-man)
15:09:13.370 [main] INFO  c.f.f.FilesManApplication - [logStartupProfileInfo,634] - No active profile set, falling back to 1 default profile: "default"
15:09:14.755 [main] INFO  o.a.c.h.Http11NioProtocol - [log,173] - Initializing ProtocolHandler ["http-nio-8081"]
15:09:14.757 [main] INFO  o.a.c.c.StandardService - [log,173] - Starting service [Tomcat]
15:09:14.757 [main] INFO  o.a.c.c.StandardEngine - [log,173] - Starting Servlet engine: [Apache Tomcat/9.0.65]
15:09:14.885 [main] INFO  o.a.c.c.C.[.[.[/] - [log,173] - Initializing Spring embedded WebApplicationContext
15:09:15.875 [main] INFO  o.a.c.h.Http11NioProtocol - [log,173] - Starting ProtocolHandler ["http-nio-8081"]
15:09:15.914 [main] INFO  c.f.f.FilesManApplication - [logStarted,61] - Started FilesManApplication in 3.022 seconds (JVM running for 3.883)
15:09:34.782 [http-nio-8081-exec-1] INFO  o.a.c.c.C.[.[.[/] - [log,173] - Initializing Spring DispatcherServlet 'dispatcherServlet'
15:09:35.192 [http-nio-8081-exec-1] INFO  c.f.f.FilesController - [lambda$saveFiles$0,77] - md5=====>:f36eb45e4c4f27dc89192384c535a6db
15:09:35.266 [http-nio-8081-exec-1] INFO  c.z.h.HikariDataSource - [getConnection,110] - HikariPool-1 - Starting...
15:09:35.375 [http-nio-8081-exec-1] INFO  c.z.h.HikariDataSource - [getConnection,123] - HikariPool-1 - Start completed.
15:09:35.427 [http-nio-8081-exec-1] INFO  c.f.f.FilesController - [lambda$saveFiles$0,80] - count=====>:1
15:09:45.923 [http-nio-8081-exec-5] INFO  c.f.f.FilesController - [lambda$saveFiles$0,77] - md5=====>:1028128558a05fff3e1b246fc3b83982
15:10:11.806 [http-nio-8081-exec-9] INFO  c.f.f.FilesController - [lambda$saveFiles$0,77] - md5=====>:1028128558a05fff3e1b246fc3b83982
15:10:11.814 [http-nio-8081-exec-9] INFO  c.f.f.FilesController - [lambda$saveFiles$0,80] - count=====>:1
15:10:19.055 [http-nio-8081-exec-4] INFO  c.f.f.FilesController - [lambda$saveFiles$0,77] - md5=====>:5a92c8b155ed662ddc9eec01263bd77e
15:11:33.163 [SpringApplicationShutdownHook] INFO  c.z.h.HikariDataSource - [close,350] - HikariPool-1 - Shutdown initiated...
15:11:33.172 [SpringApplicationShutdownHook] INFO  c.z.h.HikariDataSource - [close,352] - HikariPool-1 - Shutdown completed.
15:11:39.550 [main] INFO  c.f.f.FilesManApplication - [logStarting,55] - Starting FilesManApplication using Java 1.8.0_333 on 192.168.1.11 with PID 89957 (/Users/zhaoxiangyuan/Downloads/files-man/target/classes started by zhaoxiangyuan in /Users/zhaoxiangyuan/Downloads/files-man)
15:11:39.552 [main] INFO  c.f.f.FilesManApplication - [logStartupProfileInfo,634] - No active profile set, falling back to 1 default profile: "default"
15:11:40.963 [main] INFO  o.a.c.h.Http11NioProtocol - [log,173] - Initializing ProtocolHandler ["http-nio-8081"]
15:11:40.965 [main] INFO  o.a.c.c.StandardService - [log,173] - Starting service [Tomcat]
15:11:40.965 [main] INFO  o.a.c.c.StandardEngine - [log,173] - Starting Servlet engine: [Apache Tomcat/9.0.65]
15:11:41.089 [main] INFO  o.a.c.c.C.[.[.[/] - [log,173] - Initializing Spring embedded WebApplicationContext
15:11:41.985 [main] INFO  o.a.c.h.Http11NioProtocol - [log,173] - Starting ProtocolHandler ["http-nio-8081"]
15:11:42.017 [main] INFO  c.f.f.FilesManApplication - [logStarted,61] - Started FilesManApplication in 2.936 seconds (JVM running for 3.811)
15:11:52.681 [http-nio-8081-exec-1] INFO  o.a.c.c.C.[.[.[/] - [log,173] - Initializing Spring DispatcherServlet 'dispatcherServlet'
15:11:53.057 [http-nio-8081-exec-1] INFO  c.f.f.FilesController - [lambda$saveFiles$0,77] - md5=====>:a3931befa1ec7d075d9b58f0ffa2ab22
15:11:53.132 [http-nio-8081-exec-1] INFO  c.z.h.HikariDataSource - [getConnection,110] - HikariPool-1 - Starting...
15:11:53.252 [http-nio-8081-exec-1] INFO  c.z.h.HikariDataSource - [getConnection,123] - HikariPool-1 - Start completed.
15:11:59.311 [http-nio-8081-exec-9] INFO  c.f.f.FilesController - [lambda$saveFiles$0,77] - md5=====>:64c123bb7edfa06fe353f0be466604c9
15:12:59.378 [SpringApplicationShutdownHook] INFO  c.z.h.HikariDataSource - [close,350] - HikariPool-1 - Shutdown initiated...
15:12:59.391 [SpringApplicationShutdownHook] INFO  c.z.h.HikariDataSource - [close,352] - HikariPool-1 - Shutdown completed.
15:13:05.168 [main] INFO  c.f.f.FilesManApplication - [logStarting,55] - Starting FilesManApplication using Java 1.8.0_333 on 192.168.1.11 with PID 89980 (/Users/zhaoxiangyuan/Downloads/files-man/target/classes started by zhaoxiangyuan in /Users/zhaoxiangyuan/Downloads/files-man)
15:13:05.171 [main] INFO  c.f.f.FilesManApplication - [logStartupProfileInfo,634] - No active profile set, falling back to 1 default profile: "default"
15:13:06.603 [main] INFO  o.a.c.h.Http11NioProtocol - [log,173] - Initializing ProtocolHandler ["http-nio-8081"]
15:13:06.605 [main] INFO  o.a.c.c.StandardService - [log,173] - Starting service [Tomcat]
15:13:06.605 [main] INFO  o.a.c.c.StandardEngine - [log,173] - Starting Servlet engine: [Apache Tomcat/9.0.65]
15:13:06.737 [main] INFO  o.a.c.c.C.[.[.[/] - [log,173] - Initializing Spring embedded WebApplicationContext
15:13:07.635 [main] INFO  o.a.c.h.Http11NioProtocol - [log,173] - Starting ProtocolHandler ["http-nio-8081"]
15:13:07.664 [main] INFO  c.f.f.FilesManApplication - [logStarted,61] - Started FilesManApplication in 2.971 seconds (JVM running for 3.769)
15:13:19.738 [http-nio-8081-exec-1] INFO  o.a.c.c.C.[.[.[/] - [log,173] - Initializing Spring DispatcherServlet 'dispatcherServlet'
15:13:19.855 [http-nio-8081-exec-1] INFO  c.f.f.FilesController - [lambda$saveFiles$0,77] - md5=====>:64c123bb7edfa06fe353f0be466604c9
15:13:19.930 [http-nio-8081-exec-1] INFO  c.z.h.HikariDataSource - [getConnection,110] - HikariPool-1 - Starting...
15:13:20.063 [http-nio-8081-exec-1] INFO  c.z.h.HikariDataSource - [getConnection,123] - HikariPool-1 - Start completed.
15:13:20.110 [http-nio-8081-exec-1] INFO  c.f.f.FilesController - [lambda$saveFiles$0,80] - count=====>:1
15:13:58.663 [http-nio-8081-exec-4] INFO  c.f.f.FilesController - [lambda$saveFiles$0,77] - md5=====>:32daa956d2c0e7a120a5cc2708c6a66f
15:14:31.575 [http-nio-8081-exec-8] INFO  c.f.f.FilesController - [lambda$saveFiles$0,77] - md5=====>:e9d2a57a8f110ddc075a5d9999a592f
15:16:55.461 [SpringApplicationShutdownHook] INFO  c.z.h.HikariDataSource - [close,350] - HikariPool-1 - Shutdown initiated...
15:16:55.487 [SpringApplicationShutdownHook] INFO  c.z.h.HikariDataSource - [close,352] - HikariPool-1 - Shutdown completed.
15:17:00.627 [main] INFO  c.f.f.FilesManApplication - [logStarting,55] - Starting FilesManApplication using Java 1.8.0_333 on 192.168.1.11 with PID 90043 (/Users/zhaoxiangyuan/Downloads/files-man/target/classes started by zhaoxiangyuan in /Users/zhaoxiangyuan/Downloads/files-man)
15:17:00.629 [main] INFO  c.f.f.FilesManApplication - [logStartupProfileInfo,634] - No active profile set, falling back to 1 default profile: "default"
15:17:02.019 [main] INFO  o.a.c.h.Http11NioProtocol - [log,173] - Initializing ProtocolHandler ["http-nio-8081"]
15:17:02.020 [main] INFO  o.a.c.c.StandardService - [log,173] - Starting service [Tomcat]
15:17:02.021 [main] INFO  o.a.c.c.StandardEngine - [log,173] - Starting Servlet engine: [Apache Tomcat/9.0.65]
15:17:02.209 [main] INFO  o.a.c.c.C.[.[.[/] - [log,173] - Initializing Spring embedded WebApplicationContext
15:17:03.127 [main] INFO  o.a.c.h.Http11NioProtocol - [log,173] - Starting ProtocolHandler ["http-nio-8081"]
15:17:03.157 [main] INFO  c.f.f.FilesManApplication - [logStarted,61] - Started FilesManApplication in 3.015 seconds (JVM running for 3.954)
15:17:03.970 [http-nio-8081-exec-1] INFO  o.a.c.c.C.[.[.[/] - [log,173] - Initializing Spring DispatcherServlet 'dispatcherServlet'
15:17:04.123 [http-nio-8081-exec-1] INFO  c.z.h.HikariDataSource - [getConnection,110] - HikariPool-1 - Starting...
15:17:04.237 [http-nio-8081-exec-1] INFO  c.z.h.HikariDataSource - [getConnection,123] - HikariPool-1 - Start completed.
15:18:06.226 [http-nio-8081-exec-9] INFO  c.f.f.FilesController - [lambda$saveFiles$0,77] - md5=====>:f995b4ac3dfce7ef2ba758e1e415b742
15:18:18.262 [http-nio-8081-exec-3] INFO  c.f.f.FilesController - [lambda$saveFiles$0,77] - md5=====>:32daa956d2c0e7a120a5cc2708c6a66f
15:18:18.270 [http-nio-8081-exec-3] INFO  c.f.f.FilesController - [lambda$saveFiles$0,80] - count=====>:1
15:18:29.734 [http-nio-8081-exec-4] INFO  c.f.f.FilesController - [lambda$saveFiles$0,77] - md5=====>:427fba8ba6e3d274bb7775b2d327ba9e
15:19:35.359 [SpringApplicationShutdownHook] INFO  c.z.h.HikariDataSource - [close,350] - HikariPool-1 - Shutdown initiated...
15:19:35.376 [SpringApplicationShutdownHook] INFO  c.z.h.HikariDataSource - [close,352] - HikariPool-1 - Shutdown completed.
15:20:27.781 [main] INFO  c.f.f.FilesManApplication - [logStarting,55] - Starting FilesManApplication using Java 1.8.0_333 on 192.168.1.11 with PID 90098 (/Users/zhaoxiangyuan/Downloads/files-man/target/classes started by zhaoxiangyuan in /Users/zhaoxiangyuan/Downloads/files-man)
15:20:27.786 [main] INFO  c.f.f.FilesManApplication - [logStartupProfileInfo,634] - No active profile set, falling back to 1 default profile: "default"
15:20:29.212 [main] INFO  o.a.c.h.Http11NioProtocol - [log,173] - Initializing ProtocolHandler ["http-nio-8081"]
15:20:29.213 [main] INFO  o.a.c.c.StandardService - [log,173] - Starting service [Tomcat]
15:20:29.214 [main] INFO  o.a.c.c.StandardEngine - [log,173] - Starting Servlet engine: [Apache Tomcat/9.0.65]
15:20:29.379 [main] INFO  o.a.c.c.C.[.[.[/] - [log,173] - Initializing Spring embedded WebApplicationContext
15:20:30.277 [main] INFO  o.a.c.h.Http11NioProtocol - [log,173] - Starting ProtocolHandler ["http-nio-8081"]
15:20:30.308 [main] INFO  c.f.f.FilesManApplication - [logStarted,61] - Started FilesManApplication in 3.085 seconds (JVM running for 3.866)
15:20:45.449 [http-nio-8081-exec-1] INFO  o.a.c.c.C.[.[.[/] - [log,173] - Initializing Spring DispatcherServlet 'dispatcherServlet'
15:20:45.636 [http-nio-8081-exec-1] INFO  c.f.f.FilesController - [lambda$saveFiles$0,82] - md5=====>:5914892b5e1d13616542a0fba4ed3784
15:20:45.716 [http-nio-8081-exec-1] INFO  c.z.h.HikariDataSource - [getConnection,110] - HikariPool-1 - Starting...
15:20:45.843 [http-nio-8081-exec-1] INFO  c.z.h.HikariDataSource - [getConnection,123] - HikariPool-1 - Start completed.
15:27:38.427 [SpringApplicationShutdownHook] INFO  c.z.h.HikariDataSource - [close,350] - HikariPool-1 - Shutdown initiated...
15:27:38.456 [SpringApplicationShutdownHook] INFO  c.z.h.HikariDataSource - [close,352] - HikariPool-1 - Shutdown completed.
15:27:46.898 [main] INFO  c.f.f.FilesManApplication - [logStarting,55] - Starting FilesManApplication using Java 1.8.0_333 on 192.168.1.11 with PID 90232 (/Users/zhaoxiangyuan/Downloads/files-man/target/classes started by zhaoxiangyuan in /Users/zhaoxiangyuan/Downloads/files-man)
15:27:46.903 [main] INFO  c.f.f.FilesManApplication - [logStartupProfileInfo,634] - No active profile set, falling back to 1 default profile: "default"
15:27:48.504 [main] INFO  o.a.c.h.Http11NioProtocol - [log,173] - Initializing ProtocolHandler ["http-nio-8081"]
15:27:48.506 [main] INFO  o.a.c.c.StandardService - [log,173] - Starting service [Tomcat]
15:27:48.506 [main] INFO  o.a.c.c.StandardEngine - [log,173] - Starting Servlet engine: [Apache Tomcat/9.0.65]
15:27:48.676 [main] INFO  o.a.c.c.C.[.[.[/] - [log,173] - Initializing Spring embedded WebApplicationContext
15:27:49.726 [main] INFO  o.a.c.h.Http11NioProtocol - [log,173] - Starting ProtocolHandler ["http-nio-8081"]
15:27:49.765 [main] INFO  c.f.f.FilesManApplication - [logStarted,61] - Started FilesManApplication in 3.372 seconds (JVM running for 4.406)
15:28:39.484 [main] INFO  c.f.f.FilesManApplication - [logStarting,55] - Starting FilesManApplication using Java 1.8.0_333 on 192.168.1.11 with PID 90248 (/Users/zhaoxiangyuan/Downloads/files-man/target/classes started by zhaoxiangyuan in /Users/zhaoxiangyuan/Downloads/files-man)
15:28:39.487 [main] INFO  c.f.f.FilesManApplication - [logStartupProfileInfo,634] - No active profile set, falling back to 1 default profile: "default"
15:28:40.893 [main] INFO  o.a.c.h.Http11NioProtocol - [log,173] - Initializing ProtocolHandler ["http-nio-8081"]
15:28:40.894 [main] INFO  o.a.c.c.StandardService - [log,173] - Starting service [Tomcat]
15:28:40.895 [main] INFO  o.a.c.c.StandardEngine - [log,173] - Starting Servlet engine: [Apache Tomcat/9.0.65]
15:28:41.024 [main] INFO  o.a.c.c.C.[.[.[/] - [log,173] - Initializing Spring embedded WebApplicationContext
15:28:41.912 [main] INFO  o.a.c.h.Http11NioProtocol - [log,173] - Starting ProtocolHandler ["http-nio-8081"]
15:28:41.961 [main] INFO  c.f.f.FilesManApplication - [logStarted,61] - Started FilesManApplication in 2.938 seconds (JVM running for 3.823)
15:28:59.796 [http-nio-8081-exec-1] INFO  o.a.c.c.C.[.[.[/] - [log,173] - Initializing Spring DispatcherServlet 'dispatcherServlet'
15:35:37.183 [http-nio-8081-exec-3] INFO  c.z.h.HikariDataSource - [getConnection,110] - HikariPool-1 - Starting...
15:35:37.302 [http-nio-8081-exec-3] INFO  c.z.h.HikariDataSource - [getConnection,123] - HikariPool-1 - Start completed.
15:35:43.612 [http-nio-8081-exec-7] INFO  c.f.f.FilesController - [lambda$saveFiles$0,83] - md5=====>:dede93cf02f5d8ae33dc3301803bd33c
15:35:59.474 [http-nio-8081-exec-5] INFO  c.f.f.FilesController - [lambda$saveFiles$0,83] - md5=====>:1181941a8dd033a734cb91f55f7318d0
